# JRE version: OpenJDK Runtime Environment (8.0_152-b01) (build 1.8.0_152-release-915-b01)
# Java VM: OpenJDK 64-Bit Server VM (25.152-b01 mixed mode windows-amd64 compressed oops)
Heap:
 PSYoungGen      total 131072K, used 86128K [0x00000000e0000000, 0x00000000e9500000, 0x0000000100000000)
  eden space 115200K, 61% used [0x00000000e0000000,0x00000000e459dc38,0x00000000e7080000)
  from space 15872K, 93% used [0x00000000e8200000,0x00000000e907e440,0x00000000e9180000)
  to   space 17920K, 0% used [0x00000000e7080000,0x00000000e7080000,0x00000000e8200000)
 ParOldGen       total 105472K, used 57595K [0x00000000a0000000, 0x00000000a6700000, 0x00000000e0000000)
  object space 105472K, 54% used [0x00000000a0000000,0x00000000a383efa8,0x00000000a6700000)
 Metaspace       used 74918K, capacity 78710K, committed 78936K, reserved 1118208K
  class space    used 9738K, capacity 10619K, committed 10624K, reserved 1048576K
GC Heap History (10 events):
Event: 51.063 GC heap before
{Heap before GC invocations=27 (full 3):
 PSYoungGen      total 94720K, used 78336K [0x00000000e0000000, 0x00000000e8280000, 0x0000000100000000)
  eden space 78336K, 100% used [0x00000000e0000000,0x00000000e4c80000,0x00000000e4c80000)
  from space 16384K, 0% used [0x00000000e4c80000,0x00000000e4c80000,0x00000000e5c80000)
  to   space 15872K, 0% used [0x00000000e7300000,0x00000000e7300000,0x00000000e8280000)
 ParOldGen       total 105472K, used 48252K [0x00000000a0000000, 0x00000000a6700000, 0x00000000e0000000)
  object space 105472K, 45% used [0x00000000a0000000,0x00000000a2f1f140,0x00000000a6700000)
 Metaspace       used 59999K, capacity 62666K, committed 62936K, reserved 1103872K
  class space    used 7996K, capacity 8683K, committed 8704K, reserved 1048576K
Event: 51.072 GC heap after
Heap after GC invocations=27 (full 3):
 PSYoungGen      total 102400K, used 5874K [0x00000000e0000000, 0x00000000e7a00000, 0x0000000100000000)
  eden space 95232K, 0% used [0x00000000e0000000,0x00000000e0000000,0x00000000e5d00000)
  from space 7168K, 81% used [0x00000000e7300000,0x00000000e78bca28,0x00000000e7a00000)
  to   space 14848K, 0% used [0x00000000e5d00000,0x00000000e5d00000,0x00000000e6b80000)
 ParOldGen       total 105472K, used 48260K [0x00000000a0000000, 0x00000000a6700000, 0x00000000e0000000)
  object space 105472K, 45% used [0x00000000a0000000,0x00000000a2f21140,0x00000000a6700000)
 Metaspace       used 59999K, capacity 62666K, committed 62936K, reserved 1103872K
  class space    used 7996K, capacity 8683K, committed 8704K, reserved 1048576K
}
Event: 69.702 GC heap before
{Heap before GC invocations=28 (full 3):
 PSYoungGen      total 102400K, used 101106K [0x00000000e0000000, 0x00000000e7a00000, 0x0000000100000000)
  eden space 95232K, 100% used [0x00000000e0000000,0x00000000e5d00000,0x00000000e5d00000)
  from space 7168K, 81% used [0x00000000e7300000,0x00000000e78bca28,0x00000000e7a00000)
  to   space 14848K, 0% used [0x00000000e5d00000,0x00000000e5d00000,0x00000000e6b80000)
 ParOldGen       total 105472K, used 48260K [0x00000000a0000000, 0x00000000a6700000, 0x00000000e0000000)
  object space 105472K, 45% used [0x00000000a0000000,0x00000000a2f21140,0x00000000a6700000)
 Metaspace       used 62797K, capacity 65598K, committed 65624K, reserved 1105920K
  class space    used 8355K, capacity 9063K, committed 9088K, reserved 1048576K
Event: 69.743 GC heap after
Heap after GC invocations=28 (full 3):
 PSYoungGen      total 110080K, used 8483K [0x00000000e0000000, 0x00000000e8700000, 0x0000000100000000)
  eden space 95232K, 0% used [0x00000000e0000000,0x00000000e0000000,0x00000000e5d00000)
  from space 14848K, 57% used [0x00000000e5d00000,0x00000000e6548e00,0x00000000e6b80000)
  to   space 14848K, 0% used [0x00000000e7880000,0x00000000e7880000,0x00000000e8700000)
 ParOldGen       total 105472K, used 51867K [0x00000000a0000000, 0x00000000a6700000, 0x00000000e0000000)
  object space 105472K, 49% used [0x00000000a0000000,0x00000000a32a6f78,0x00000000a6700000)
 Metaspace       used 62797K, capacity 65598K, committed 65624K, reserved 1105920K
  class space    used 8355K, capacity 9063K, committed 9088K, reserved 1048576K
}
Event: 708.978 GC heap before
{Heap before GC invocations=29 (full 3):
 PSYoungGen      total 110080K, used 103715K [0x00000000e0000000, 0x00000000e8700000, 0x0000000100000000)
  eden space 95232K, 100% used [0x00000000e0000000,0x00000000e5d00000,0x00000000e5d00000)
  from space 14848K, 57% used [0x00000000e5d00000,0x00000000e6548e00,0x00000000e6b80000)
  to   space 14848K, 0% used [0x00000000e7880000,0x00000000e7880000,0x00000000e8700000)
 ParOldGen       total 105472K, used 51867K [0x00000000a0000000, 0x00000000a6700000, 0x00000000e0000000)
  object space 105472K, 49% used [0x00000000a0000000,0x00000000a32a6f78,0x00000000a6700000)
 Metaspace       used 63542K, capacity 66714K, committed 66904K, reserved 1107968K
  class space    used 8430K, capacity 9221K, committed 9344K, reserved 1048576K
Event: 709.000 GC heap after
Heap after GC invocations=29 (full 3):
 PSYoungGen      total 117248K, used 6608K [0x00000000e0000000, 0x00000000e8300000, 0x0000000100000000)
  eden space 106496K, 0% used [0x00000000e0000000,0x00000000e0000000,0x00000000e6800000)
  from space 10752K, 61% used [0x00000000e7880000,0x00000000e7ef4030,0x00000000e8300000)
  to   space 13824K, 0% used [0x00000000e6800000,0x00000000e6800000,0x00000000e7580000)
 ParOldGen       total 105472K, used 51875K [0x00000000a0000000, 0x00000000a6700000, 0x00000000e0000000)
  object space 105472K, 49% used [0x00000000a0000000,0x00000000a32a8f78,0x00000000a6700000)
 Metaspace       used 63542K, capacity 66714K, committed 66904K, reserved 1107968K
  class space    used 8430K, capacity 9221K, committed 9344K, reserved 1048576K
}
Event: 724.816 GC heap before
{Heap before GC invocations=30 (full 3):
 PSYoungGen      total 117248K, used 113104K [0x00000000e0000000, 0x00000000e8300000, 0x0000000100000000)
  eden space 106496K, 100% used [0x00000000e0000000,0x00000000e6800000,0x00000000e6800000)
  from space 10752K, 61% used [0x00000000e7880000,0x00000000e7ef4030,0x00000000e8300000)
  to   space 13824K, 0% used [0x00000000e6800000,0x00000000e6800000,0x00000000e7580000)
 ParOldGen       total 105472K, used 51875K [0x00000000a0000000, 0x00000000a6700000, 0x00000000e0000000)
  object space 105472K, 49% used [0x00000000a0000000,0x00000000a32a8f78,0x00000000a6700000)
 Metaspace       used 66530K, capacity 69908K, committed 70104K, reserved 1110016K
  class space    used 8827K, capacity 9652K, committed 9728K, reserved 1048576K
Event: 724.848 GC heap after
Heap after GC invocations=30 (full 3):
 PSYoungGen      total 120320K, used 13822K [0x00000000e0000000, 0x00000000e9180000, 0x0000000100000000)
  eden space 106496K, 0% used [0x00000000e0000000,0x00000000e0000000,0x00000000e6800000)
  from space 13824K, 99% used [0x00000000e6800000,0x00000000e757f930,0x00000000e7580000)
  to   space 15872K, 0% used [0x00000000e8200000,0x00000000e8200000,0x00000000e9180000)
 ParOldGen       total 105472K, used 52008K [0x00000000a0000000, 0x00000000a6700000, 0x00000000e0000000)
  object space 105472K, 49% used [0x00000000a0000000,0x00000000a32ca0c8,0x00000000a6700000)
 Metaspace       used 66530K, capacity 69908K, committed 70104K, reserved 1110016K
  class space    used 8827K, capacity 9652K, committed 9728K, reserved 1048576K
}
Event: 736.157 GC heap before
{Heap before GC invocations=31 (full 3):
 PSYoungGen      total 120320K, used 120318K [0x00000000e0000000, 0x00000000e9180000, 0x0000000100000000)
  eden space 106496K, 100% used [0x00000000e0000000,0x00000000e6800000,0x00000000e6800000)
  from space 13824K, 99% used [0x00000000e6800000,0x00000000e757f930,0x00000000e7580000)
  to   space 15872K, 0% used [0x00000000e8200000,0x00000000e8200000,0x00000000e9180000)
 ParOldGen       total 105472K, used 52008K [0x00000000a0000000, 0x00000000a6700000, 0x00000000e0000000)
  object space 105472K, 49% used [0x00000000a0000000,0x00000000a32ca0c8,0x00000000a6700000)
 Metaspace       used 72544K, capacity 76336K, committed 76504K, reserved 1116160K
  class space    used 9527K, capacity 10426K, committed 10496K, reserved 1048576K
Event: 736.236 GC heap after
Heap after GC invocations=31 (full 3):
 PSYoungGen      total 131072K, used 14841K [0x00000000e0000000, 0x00000000e9500000, 0x0000000100000000)
  eden space 115200K, 0% used [0x00000000e0000000,0x00000000e0000000,0x00000000e7080000)
  from space 15872K, 93% used [0x00000000e8200000,0x00000000e907e440,0x00000000e9180000)
  to   space 17920K, 0% used [0x00000000e7080000,0x00000000e7080000,0x00000000e8200000)
 ParOldGen       total 105472K, used 57595K [0x00000000a0000000, 0x00000000a6700000, 0x00000000e0000000)
  object space 105472K, 54% used [0x00000000a0000000,0x00000000a383efa8,0x00000000a6700000)
 Metaspace       used 72544K, capacity 76336K, committed 76504K, reserved 1116160K
  class space    used 9527K, capacity 10426K, committed 10496K, reserved 1048576K
}

